nohup: ignoring input
[INFO] Saved splits to /sq/home/ge23lac/lstm-kf/outputs/lstmkf_64000/splits.json
/sq/home/ge23lac/lstm-kf/lstmkf_train.py:465: FutureWarning: `torch.cuda.amp.GradScaler(args...)` is deprecated. Please use `torch.amp.GradScaler('cuda', args...)` instead.
  scaler = torch.cuda.amp.GradScaler(enabled=(device.type == "cuda" and args.amp))
/sq/home/ge23lac/lstm-kf/lstmkf_train.py:316: FutureWarning: `torch.cuda.amp.autocast(args...)` is deprecated. Please use `torch.amp.autocast('cuda', args...)` instead.
  with torch.cuda.amp.autocast(enabled=(device.type == "cuda" and args.amp)):
[Epoch 001/20] train=0.095108 | val=0.064912
[INFO] New best checkpoint saved (val=0.064912)
[Epoch 002/20] train=0.057385 | val=0.061842
[INFO] New best checkpoint saved (val=0.061842)
[Epoch 003/20] train=0.056191 | val=0.060983
[INFO] New best checkpoint saved (val=0.060983)
[Epoch 004/20] train=0.055880 | val=0.060678
[INFO] New best checkpoint saved (val=0.060678)
[Epoch 005/20] train=0.055664 | val=0.061077
[Epoch 006/20] train=0.055527 | val=0.060430
[INFO] New best checkpoint saved (val=0.060430)
[Epoch 007/20] train=0.055442 | val=0.060563
[Epoch 008/20] train=0.055280 | val=0.061286
[Epoch 009/20] train=0.055196 | val=0.060682
[Epoch 010/20] train=0.054908 | val=0.059882
[INFO] New best checkpoint saved (val=0.059882)
[Epoch 011/20] train=0.054709 | val=0.060161
[Epoch 012/20] train=0.054677 | val=0.059895
[Epoch 013/20] train=0.054582 | val=0.060966
[Epoch 014/20] train=0.054519 | val=0.059718
[INFO] New best checkpoint saved (val=0.059718)
[Epoch 015/20] train=0.054420 | val=0.059479
[INFO] New best checkpoint saved (val=0.059479)
[Epoch 016/20] train=0.054389 | val=0.059801
[Epoch 017/20] train=0.054247 | val=0.059422
[INFO] New best checkpoint saved (val=0.059422)
[Epoch 018/20] train=0.054164 | val=0.059243
[INFO] New best checkpoint saved (val=0.059243)
[Epoch 019/20] train=0.054050 | val=0.059115
[INFO] New best checkpoint saved (val=0.059115)
[Epoch 020/20] train=0.053945 | val=0.058912
[INFO] New best checkpoint saved (val=0.058912)
